<?xml version="1.0" encoding="UTF-8"?>
<!-- Generated by org.testng.reporters.JUnitReportReporter -->
<testsuite hostname="DESKTOP-U7S6V3G" failures="0" tests="1" name="jobcode_creation.TestCase_4_3_15" time="32.159" errors="0" timestamp="2024-12-21T14:31:10 IST" skipped="0">
  <testcase classname="jobcode_creation.TestCase_4_3_15" name="verifyActionIcon" time="32.159"/>
  <system-out/>
</testsuite> <!-- jobcode_creation.TestCase_4_3_15 -->
