<?xml version="1.0" encoding="UTF-8"?>
<!-- Generated by org.testng.reporters.JUnitReportReporter -->
<testsuite hostname="DESKTOP-U7S6V3G" failures="0" tests="1" name="jobcode_creation.TestCase_4_3_17" time="35.740" errors="0" timestamp="2024-12-21T14:47:15 IST" skipped="0">
  <testcase classname="jobcode_creation.TestCase_4_3_17" name="verifyBackButtonInViewPage" time="35.740"/>
  <system-out/>
</testsuite> <!-- jobcode_creation.TestCase_4_3_17 -->
