<?xml version="1.0" encoding="UTF-8"?>
<!-- Generated by org.testng.reporters.JUnitReportReporter -->
<testsuite hostname="DESKTOP-U7S6V3G" failures="0" tests="1" name="jobcode_creation.TestCase_4_3_5" time="24.395" errors="0" timestamp="2024-12-20T16:32:26 IST" skipped="0">
  <testcase classname="jobcode_creation.TestCase_4_3_5" name="clickJobcodes" time="24.395"/>
  <system-out/>
</testsuite> <!-- jobcode_creation.TestCase_4_3_5 -->
