<?xml version="1.0" encoding="UTF-8"?>
<!-- Generated by org.testng.reporters.JUnitReportReporter -->
<testsuite hostname="DESKTOP-U7S6V3G" failures="0" tests="1" name="mkppl_Deptoqtestcases.TestCase_4_2_4" time="11.279" errors="0" timestamp="2024-12-19T22:19:52 IST" skipped="0">
  <testcase classname="mkppl_Deptoqtestcases.TestCase_4_2_4" name="ClickSigninButton" time="11.279"/>
  <system-out/>
</testsuite> <!-- mkppl_Deptoqtestcases.TestCase_4_2_4 -->
