<?xml version="1.0" encoding="UTF-8"?>
<!-- Generated by org.testng.reporters.JUnitReportReporter -->
<testsuite hostname="DESKTOP-U7S6V3G" failures="0" tests="1" name="mkppl_oqtestcases.TestCase_4_1_7" time="17.614" errors="0" timestamp="2024-12-19T11:25:58 IST" skipped="0">
  <testcase classname="mkppl_oqtestcases.TestCase_4_1_7" name="ClickOnLogoutButton" time="17.614"/>
  <system-out/>
</testsuite> <!-- mkppl_oqtestcases.TestCase_4_1_7 -->
