<?xml version="1.0" encoding="UTF-8"?>
<!-- Generated by org.testng.reporters.JUnitReportReporter -->
<testsuite hostname="DESKTOP-U7S6V3G" failures="0" tests="1" name="jobcode_creation.TestCase_4_3_21" time="18.489" errors="0" timestamp="2024-12-21T16:37:35 IST" skipped="0">
  <testcase classname="jobcode_creation.TestCase_4_3_21" name="VerifyTheClickJobcodes" time="18.489"/>
  <system-out/>
</testsuite> <!-- jobcode_creation.TestCase_4_3_21 -->
