<?xml version="1.0" encoding="UTF-8"?>
<!-- Generated by org.testng.reporters.JUnitReportReporter -->
<testsuite hostname="DESKTOP-U7S6V3G" failures="0" tests="1" name="mkppl_Deptoqtestcases.TestCase_4_2_8" time="19.302" errors="0" timestamp="2024-12-19T21:54:37 IST" skipped="0">
  <testcase classname="mkppl_Deptoqtestcases.TestCase_4_2_8" name="Clickcreatedepartment" time="19.302"/>
  <system-out/>
</testsuite> <!-- mkppl_Deptoqtestcases.TestCase_4_2_8 -->
