<?xml version="1.0" encoding="UTF-8"?>
<!-- Generated by org.testng.reporters.JUnitReportReporter -->
<testsuite hostname="DESKTOP-U7S6V3G" failures="0" tests="1" name="jobcode_creation.TestCase_4_3_25" time="15.148" errors="0" timestamp="2024-12-26T09:38:15 IST" skipped="0">
  <testcase classname="jobcode_creation.TestCase_4_3_25" name="verifyTheLogoutbutton" time="15.148"/>
  <system-out/>
</testsuite> <!-- jobcode_creation.TestCase_4_3_25 -->
