<?xml version="1.0" encoding="UTF-8"?>
<!-- Generated by org.testng.reporters.JUnitReportReporter -->
<testsuite hostname="DESKTOP-U7S6V3G" failures="0" tests="1" name="jobcode_creation.TestCase_4_3_3" time="7.522" errors="0" timestamp="2024-12-20T15:22:24 IST" skipped="0">
  <testcase classname="jobcode_creation.TestCase_4_3_3" name="LaunchLoginPage2" time="7.522"/>
  <system-out/>
</testsuite> <!-- jobcode_creation.TestCase_4_3_3 -->
