<?xml version="1.0" encoding="UTF-8"?>
<!-- Generated by org.testng.reporters.JUnitReportReporter -->
<testsuite hostname="DESKTOP-U7S6V3G" failures="0" tests="1" name="jobcode_creation.TestCase_4_3_6" time="18.016" errors="0" timestamp="2024-12-20T16:39:55 IST" skipped="0">
  <testcase classname="jobcode_creation.TestCase_4_3_6" name="clickCreatejobcode" time="18.016"/>
  <system-out/>
</testsuite> <!-- jobcode_creation.TestCase_4_3_6 -->
