<?xml version="1.0" encoding="UTF-8"?>
<!-- Generated by org.testng.reporters.JUnitReportReporter -->
<testsuite hostname="DESKTOP-U7S6V3G" failures="0" tests="1" name="mkppl_Deptoqtestcases.TestCase_4_2_11" time="16.107" errors="0" timestamp="2024-12-20T10:31:33 IST" skipped="0">
  <testcase classname="mkppl_Deptoqtestcases.TestCase_4_2_11" name="Clicklogoutbutton" time="16.107"/>
  <system-out/>
</testsuite> <!-- mkppl_Deptoqtestcases.TestCase_4_2_11 -->
