<?xml version="1.0" encoding="UTF-8"?>
<!-- Generated by org.testng.reporters.JUnitReportReporter -->
<testsuite hostname="DESKTOP-U7S6V3G" failures="0" tests="1" name="jobcode_creation.TestCase_4_3_19" time="46.931" errors="0" timestamp="2024-12-21T16:26:02 IST" skipped="0">
  <testcase classname="jobcode_creation.TestCase_4_3_19" name="verifyUpdateButton" time="46.931"/>
  <system-out/>
</testsuite> <!-- jobcode_creation.TestCase_4_3_19 -->
