<?xml version="1.0" encoding="UTF-8"?>
<!-- Generated by org.testng.reporters.JUnitReportReporter -->
<testsuite hostname="DESKTOP-U7S6V3G" failures="0" tests="1" name="jobcode_creation.TestCase_4_3_23" time="20.020" errors="0" timestamp="2024-12-21T16:49:20 IST" skipped="0">
  <testcase classname="jobcode_creation.TestCase_4_3_23" name="verifyTheDuplicateJobcode" time="20.020"/>
  <system-out/>
</testsuite> <!-- jobcode_creation.TestCase_4_3_23 -->
