<?xml version="1.0" encoding="UTF-8"?>
<!-- Generated by org.testng.reporters.JUnitReportReporter -->
<testsuite hostname="DESKTOP-U7S6V3G" failures="0" tests="1" name="jobcode_creation.TestCase_4_3_2" time="7.263" errors="0" timestamp="2024-12-20T15:18:22 IST" skipped="0">
  <testcase classname="jobcode_creation.TestCase_4_3_2" name="LaunchLoginPage1" time="7.263"/>
  <system-out/>
</testsuite> <!-- jobcode_creation.TestCase_4_3_2 -->
