<?xml version="1.0" encoding="UTF-8"?>
<!-- Generated by org.testng.reporters.JUnitReportReporter -->
<testsuite hostname="DESKTOP-U7S6V3G" failures="0" tests="1" name="mkppl_oqtestcases.TestCase_4_1_2" time="3.558" errors="0" timestamp="2024-12-17T14:03:43 IST" skipped="0">
  <testcase classname="mkppl_oqtestcases.TestCase_4_1_2" name="LaunchLoginPage1" time="3.558"/>
  <system-out/>
</testsuite> <!-- mkppl_oqtestcases.TestCase_4_1_2 -->
